<?xml version="1.0" encoding="UTF-8"?>
<testsuite xmlns:xsi="http://www.w3.org/2001/XMLSchema-instance" xsi:noNamespaceSchemaLocation="https://maven.apache.org/surefire/maven-surefire-plugin/xsd/surefire-test-report.xsd" name="ru.netology.RadiomanTest" time="0.032" tests="12" errors="0" skipped="0" failures="0">
  <properties>
[...]
</properties>
  <testcase name="ShouldBeforeStation1" classname="ru.netology.RadiomanTest" time="0.001"/>
  <testcase name="ShouldBeforeStation2" classname="ru.netology.RadiomanTest" time="0"/>
  <testcase name="ShouldRadio1" classname="ru.netology.RadiomanTest" time="0"/>
  <testcase name="ShouldRadio2" classname="ru.netology.RadiomanTest" time="0"/>
  <testcase name="ShouldNextStation1" classname="ru.netology.RadiomanTest" time="0"/>
  <testcase name="ShouldNextStation2" classname="ru.netology.RadiomanTest" time="0"/>
  <testcase name="ShouldBeforeVolume1" classname="ru.netology.RadiomanTest" time="0.004"/>
  <testcase name="ShouldBeforeVolume2" classname="ru.netology.RadiomanTest" time="0.002"/>
  <testcase name="shouldVolume1" classname="ru.netology.RadiomanTest" time="0"/>
  <testcase name="shouldVolume2" classname="ru.netology.RadiomanTest" time="0"/>
  <testcase name="ShouldNextVolume1" classname="ru.netology.RadiomanTest" time="0"/>
  <testcase name="ShouldNextVolume2" classname="ru.netology.RadiomanTest" time="0"/>
</testsuite>